0 info it worked if it ends with ok
1 verbose cli [ 'C:\\Program Files\\nodejs\\node.exe',
1 verbose cli   'C:\\Users\\MSM3407\\AppData\\Roaming\\npm\\node_modules\\npm\\bin\\npm-cli.js',
1 verbose cli   'start' ]
2 info using npm@3.10.9
3 info using node@v10.16.0
4 verbose run-script [ 'prestart', 'start', 'poststart' ]
5 info lifecycle analyse-system@1.0.0~prestart: analyse-system@1.0.0
6 silly lifecycle analyse-system@1.0.0~prestart: no script for prestart, continuing
7 info lifecycle analyse-system@1.0.0~start: analyse-system@1.0.0
8 verbose lifecycle analyse-system@1.0.0~start: unsafe-perm in lifecycle true
9 verbose lifecycle analyse-system@1.0.0~start: PATH: C:\Users\MSM3407\AppData\Roaming\npm\node_modules\npm\bin\node-gyp-bin;C:\Users\MSM3407\Documents\test-ercom\analyse-system\node_modules\.bin;C:\Users\MSM3407\Downloads\cmder\bin;C:\Program Files\Git\bin;C:\Program Files\Git\usr\bin;C:\Program Files\Git\share\vim\vim74;C:\Users\MSM3407\Downloads\cmder\vendor\conemu-maximus5\ConEmu\Scripts;C:\Users\MSM3407\Downloads\cmder\vendor\conemu-maximus5;C:\Users\MSM3407\Downloads\cmder\vendor\conemu-maximus5\ConEmu;C:\ProgramData\Oracle\Java\javapath;C:\Program Files (x86)\Intel\iCLS Client\;C:\Program Files\Intel\iCLS Client\;c:\Program Files (x86)\NVIDIA Corporation\PhysX\Common;C:\WINDOWS\system32;C:\WINDOWS;C:\WINDOWS\System32\Wbem;C:\WINDOWS\System32\WindowsPowerShell\v1.0\;C:\Program Files (x86)\Intel\Intel(R) Management Engine Components\DAL;C:\Program Files\Intel\Intel(R) Management Engine Components\DAL;C:\Program Files (x86)\Intel\Intel(R) Management Engine Components\IPT;C:\Program Files\Intel\Intel(R) Management Engine Components\IPT;C:\Program Files\Git\cmd;C:\xampp\php;C:\ProgramData\ComposerSetup\bin;C:\Program Files\nodejs\;C:\Program Files\PostgreSQL\9.6\bin;;C:\WINDOWS\System32\OpenSSH\;C:\Program Files\Intel\WiFi\bin\;C:\Program Files\Common Files\Intel\WirelessCommon\;C:\Users\MSM3407\AppData\Roaming\Composer\vendor\bin;C:\Users\MSM3407\AppData\Local\Microsoft\WindowsApps;C:\Users\MSM3407\AppData\Roaming\npm;C:\Program Files (x86)\Microsoft VS Code\bin;;C:\Users\MSM3407\Downloads\cmder
10 verbose lifecycle analyse-system@1.0.0~start: CWD: C:\Users\MSM3407\Documents\test-ercom\analyse-system
11 silly lifecycle analyse-system@1.0.0~start: Args: [ '/d /s /c', 'node index.js' ]
12 silly lifecycle analyse-system@1.0.0~start: Returned: code: 1  signal: null
13 info lifecycle analyse-system@1.0.0~start: Failed to exec start script
14 verbose stack Error: analyse-system@1.0.0 start: `node index.js`
14 verbose stack Exit status 1
14 verbose stack     at EventEmitter.<anonymous> (C:\Users\MSM3407\AppData\Roaming\npm\node_modules\npm\lib\utils\lifecycle.js:255:16)
14 verbose stack     at EventEmitter.emit (events.js:198:13)
14 verbose stack     at ChildProcess.<anonymous> (C:\Users\MSM3407\AppData\Roaming\npm\node_modules\npm\lib\utils\spawn.js:40:14)
14 verbose stack     at ChildProcess.emit (events.js:198:13)
14 verbose stack     at maybeClose (internal/child_process.js:982:16)
14 verbose stack     at Process.ChildProcess._handle.onexit (internal/child_process.js:259:5)
15 verbose pkgid analyse-system@1.0.0
16 verbose cwd C:\Users\MSM3407\Documents\test-ercom\analyse-system
17 error Windows_NT 10.0.17134
18 error argv "C:\\Program Files\\nodejs\\node.exe" "C:\\Users\\MSM3407\\AppData\\Roaming\\npm\\node_modules\\npm\\bin\\npm-cli.js" "start"
19 error node v10.16.0
20 error npm  v3.10.9
21 error code ELIFECYCLE
22 error analyse-system@1.0.0 start: `node index.js`
22 error Exit status 1
23 error Failed at the analyse-system@1.0.0 start script 'node index.js'.
23 error Make sure you have the latest version of node.js and npm installed.
23 error If you do, this is most likely a problem with the analyse-system package,
23 error not with npm itself.
23 error Tell the author that this fails on your system:
23 error     node index.js
23 error You can get information on how to open an issue for this project with:
23 error     npm bugs analyse-system
23 error Or if that isn't available, you can get their info via:
23 error     npm owner ls analyse-system
23 error There is likely additional logging output above.
24 verbose exit [ 1, true ]
